Nothing to build in platform 'SatCamPlatform'

14:22:12 **** Incremental Build of configuration Debug for project SatCamApp ****
make all 
make --no-print-directory pre-build
a9-linaro-pre-build-step
' '
make --no-print-directory main-build
'Building file: ../src/main.c'
'Invoking: ARM v7 gcc compiler'
arm-none-eabi-gcc -Wall -O3 -std=c99 -mcpu=cortex-a9 -mfpu=neon -ftree-vectorize -mvectorize-with-neon-quad -mfloat-abi=softfp -ffast-math -g3 -I"C:\Users\Bruger\git\AAUSatCam\SatCamApp\lib\csp\include" -I"C:\Users\Bruger\git\AAUSatCam\SatCamApp\lib" -c -fmessage-length=0 -MT"src/main.o" -mcpu=cortex-a9 -mfpu=vfpv3 -mfloat-abi=hard -IC:/Users/Bruger/git/AAUSatCam/SatCamPlatform/export/SatCamPlatform/sw/SatCamPlatform/freertos10_xilinx_domain/bspinclude/include -MMD -MP -MF"src/main.d" -MT"src/main.o" -o "src/main.o" "../src/main.c"
'Finished building: ../src/main.c'
' '
'Building target: SatCamApp.elf'
'Invoking: ARM v7 gcc linker'
arm-none-eabi-gcc -mcpu=cortex-a9 -mfpu=vfpv3 -mfloat-abi=hard -Wl,-build-id=none -specs=Xilinx.spec -Wl,-T -Wl,../src/lscript.ld -LC:/Users/Bruger/git/AAUSatCam/SatCamPlatform/export/SatCamPlatform/sw/SatCamPlatform/freertos10_xilinx_domain/bsplib/lib -o "SatCamApp.elf"  ./src/SatCamImage.o ./src/can_driver.o ./src/csp_hook_xil.o ./src/gpio_ctrl.o ./src/main.o ./src/staticrtos.o ./src/te_fsbl_hooks.o ./src/te_vdma.o ./src/vdma.o  ./lib/csp/src/interfaces/csp_if_can.o ./lib/csp/src/interfaces/csp_if_can_pbuf.o ./lib/csp/src/interfaces/csp_if_i2c.o ./lib/csp/src/interfaces/csp_if_lo.o ./lib/csp/src/interfaces/csp_if_tun.o ./lib/csp/src/interfaces/csp_if_zmqhub.o  ./lib/csp/src/crypto/csp_hmac.o ./lib/csp/src/crypto/csp_sha1.o  ./lib/csp/src/arch/freertos/csp_clock.o ./lib/csp/src/arch/freertos/csp_queue.o ./lib/csp/src/arch/freertos/csp_semaphore.o ./lib/csp/src/arch/freertos/csp_system.o ./lib/csp/src/arch/freertos/csp_time.o  ./lib/csp/src/csp_bridge.o ./lib/csp/src/csp_buffer.o ./lib/csp/src/csp_conn.o ./lib/csp/src/csp_crc32.o ./lib/csp/src/csp_debug.o ./lib/csp/src/csp_dedup.o ./lib/csp/src/csp_hex_dump.o ./lib/csp/src/csp_id.o ./lib/csp/src/csp_iflist.o ./lib/csp/src/csp_init.o ./lib/csp/src/csp_io.o ./lib/csp/src/csp_port.o ./lib/csp/src/csp_promisc.o ./lib/csp/src/csp_qfifo.o ./lib/csp/src/csp_rdp.o ./lib/csp/src/csp_rdp_queue.o ./lib/csp/src/csp_route.o ./lib/csp/src/csp_rtable_cidr.o ./lib/csp/src/csp_rtable_stdio.o ./lib/csp/src/csp_service_handler.o ./lib/csp/src/csp_services.o ./lib/csp/src/csp_sfp.o   -lm -Wl,--start-group,-lxil,-lfreertos,-lgcc,-lc,--end-group
'Finished building target: SatCamApp.elf'
' '
'Invoking: ARM v7 Print Size'
arm-none-eabi-size SatCamApp.elf  |tee "SatCamApp.elf.size"
   text	   data	    bss	    dec	    hex	filename
 226748	  10048	45717328	45954124	2bd344c	SatCamApp.elf
'Finished building: SatCamApp.elf.size'
' '
14:22:15 **** Incremental Build of configuration Debug for project SatCamApp_system ****
make all 
Generating bif file for the system project
generate_system_bif.bat 55992 C:/Users/Bruger/git/AAUSatCam/SatCamPlatform/export/SatCamPlatform/SatCamPlatform.xpfm freertos10_xilinx_domain C:/Users/Bruger/git/AAUSatCam/SatCamApp_system/Debug/system.bif
sdcard_gen --xpfm C:/Users/Bruger/git/AAUSatCam/SatCamPlatform/export/SatCamPlatform/SatCamPlatform.xpfm --sys_config SatCamPlatform --bif C:/Users/Bruger/git/AAUSatCam/SatCamApp_system/Debug/system.bif --bitstream C:/Users/Bruger/git/AAUSatCam/SatCamApp/_ide/bitstream/zsys_wrapper.bit --elf C:/Users/Bruger/git/AAUSatCam/SatCamApp/Debug/SatCamApp.elf,ps7_cortexa9_0
creating BOOT.BIN using C:/Users/Bruger/git/AAUSatCam/SatCamApp/_ide/bitstream/zsys_wrapper.bit
Running C:/Xilinx/Vitis/2021.2/bin/bootgen  -image C:/Users/Bruger/git/AAUSatCam/SatCamApp_system/Debug/sd_card_temp/boot.bif -w -o i BOOT.BIN
