12:01:01 INFO  : Registering command handlers for Vitis TCF services
12:01:01 INFO  : Launching XSCT server: xsct.bat -n  -interactive C:\School\Vivado\ZynqDemoRemake\workspace_final\temp_xsdb_launch_script.tcl
12:01:01 INFO  : Platform repository initialization has completed.
12:01:04 INFO  : XSCT server has started successfully.
12:01:04 INFO  : Successfully done setting XSCT server connection channel  
12:01:04 INFO  : plnx-install-location is set to ''
12:01:04 INFO  : Successfully done query RDI_DATADIR 
12:01:04 INFO  : Successfully done setting workspace for the tool. 
12:01:54 INFO  : Result from executing command 'getProjects': SatCamPlatform
12:01:54 INFO  : Result from executing command 'getPlatforms': 
12:02:55 INFO  : Result from executing command 'getProjects': SatCamPlatform
12:02:55 INFO  : Result from executing command 'getPlatforms': SatCamPlatform|C:/School/Vivado/ZynqDemoRemake/workspace_final/SatCamPlatform/export/SatCamPlatform/SatCamPlatform.xpfm
12:04:36 INFO  : Checking for BSP changes to sync application flags for project 'SatCamApp'...
12:09:59 INFO  : Launching XSCT server: xsct.bat -n  -interactive C:\Users\Bruger\git\AAUSatCam\workspace\temp_xsdb_launch_script.tcl
12:10:03 INFO  : XSCT server has started successfully.
12:10:03 INFO  : plnx-install-location is set to ''
12:10:03 INFO  : Successfully done setting XSCT server connection channel  
12:10:03 INFO  : Successfully done setting workspace for the tool. 
12:10:03 ERROR : Error encountered while initializing user repository paths
Reason: No Platforms Found.


12:10:03 INFO  : Platform repository initialization has completed.
12:10:03 INFO  : Registering command handlers for Vitis TCF services
12:10:04 INFO  : Successfully done query RDI_DATADIR 
12:28:46 INFO  : Launching XSCT server: xsct.bat -n  -interactive C:\Users\Bruger\git\AAUSatCam\workspace\temp_xsdb_launch_script.tcl
12:28:51 INFO  : XSCT server has started successfully.
12:28:51 INFO  : plnx-install-location is set to ''
12:28:51 INFO  : Successfully done setting XSCT server connection channel  
12:28:51 INFO  : Successfully done setting workspace for the tool. 
12:28:52 ERROR : Error encountered while initializing user repository paths
Reason: No Platforms Found.


12:28:52 INFO  : Platform repository initialization has completed.
12:28:52 INFO  : Registering command handlers for Vitis TCF services
12:28:53 INFO  : Successfully done query RDI_DATADIR 
12:30:47 INFO  : Checking for BSP changes to sync application flags for project 'SatCamApp'...
12:30:47 ERROR : Failed to get platform details for the project 'SatCamApp'. Cannot sync application flags.
12:32:04 INFO  : Checking for BSP changes to sync application flags for project 'SatCamApp'...
12:41:10 INFO  : Checking for BSP changes to sync application flags for project 'SatCamApp'...
12:41:49 INFO  : Checking for BSP changes to sync application flags for project 'SatCamApp'...
12:44:41 INFO  : Checking for BSP changes to sync application flags for project 'SatCamApp'...
12:46:10 INFO  : Checking for BSP changes to sync application flags for project 'SatCamApp'...
12:48:05 INFO  : Checking for BSP changes to sync application flags for project 'SatCamApp'...
12:50:03 INFO  : Checking for BSP changes to sync application flags for project 'SatCamApp'...
12:52:15 INFO  : Checking for BSP changes to sync application flags for project 'SatCamApp'...
12:53:35 INFO  : Checking for BSP changes to sync application flags for project 'SatCamApp'...
12:54:29 INFO  : Checking for BSP changes to sync application flags for project 'SatCamApp'...
12:59:29 ERROR : An unexpected exception occurred in the module 'platform project logging'
13:00:03 INFO  : Result from executing command 'getProjects': SatCamPlatform
13:00:03 INFO  : Result from executing command 'getPlatforms': SatCamPlatform|C:/Users/Bruger/git/AAUSatCam/SatCamPlatform/export/SatCamPlatform/SatCamPlatform.xpfm
13:00:03 ERROR : Error from executing command 'addPlatformRepo': ERROR: No valid directory exists at given path.
13:00:03 INFO  : Checking for BSP changes to sync application flags for project 'SatCamApp'...
13:01:32 INFO  : Checking for BSP changes to sync application flags for project 'SatCamApp'...
13:03:32 INFO  : Checking for BSP changes to sync application flags for project 'SatCamApp'...
13:05:35 INFO  : Checking for BSP changes to sync application flags for project 'SatCamApp'...
13:06:27 INFO  : Checking for BSP changes to sync application flags for project 'SatCamApp'...
13:07:18 INFO  : Checking for BSP changes to sync application flags for project 'SatCamApp'...
13:10:06 INFO  : Checking for BSP changes to sync application flags for project 'SatCamApp'...
13:23:12 INFO  : Checking for BSP changes to sync application flags for project 'SatCamApp'...
13:26:03 INFO  : Checking for BSP changes to sync application flags for project 'SatCamApp'...
13:28:17 INFO  : Result from executing command 'getProjects': SatCamPlatform
13:28:17 INFO  : Result from executing command 'getPlatforms': SatCamPlatform|C:/Users/Bruger/git/AAUSatCam/SatCamPlatform/export/SatCamPlatform/SatCamPlatform.xpfm
13:28:17 ERROR : Error from executing command 'addPlatformRepo': ERROR: No valid directory exists at given path.
13:28:17 INFO  : Checking for BSP changes to sync application flags for project 'SatCamApp'...
13:29:12 INFO  : Checking for BSP changes to sync application flags for project 'SatCamApp'...
